
2022/05/20 16:23:26 [32mC:/Users/amaraa.b/go/pkg/mod/gorm.io/driver/postgres@v1.3.4/migrator.go:145
[0m[33m[6.429ms] [34;1m[rows:1][0m SELECT count(*) FROM information_schema.tables WHERE table_schema = CURRENT_SCHEMA() AND table_name = 'users' AND table_type = 'BASE TABLE'

2022/05/20 16:23:26 [32mC:/Users/amaraa.b/go/pkg/mod/gorm.io/driver/postgres@v1.3.4/migrator.go:20
[0m[33m[0.514ms] [34;1m[rows:1][0m SELECT CURRENT_DATABASE()

2022/05/20 16:23:26 [32mC:/Users/amaraa.b/go/pkg/mod/gorm.io/driver/postgres@v1.3.4/migrator.go:330
[0m[33m[8.861ms] [34;1m[rows:-][0m SELECT c.column_name, c.is_nullable = 'YES', c.udt_name, c.character_maximum_length, c.numeric_precision, c.numeric_precision_radix, c.numeric_scale, c.datetime_precision, 8 * typlen, c.column_default, pd.description FROM information_schema.columns AS c JOIN pg_type AS pgt ON c.udt_name = pgt.typname LEFT JOIN pg_catalog.pg_description as pd ON pd.objsubid = c.ordinal_position AND pd.objoid = (SELECT oid FROM pg_catalog.pg_class WHERE relname = c.table_name AND relnamespace = (SELECT oid FROM pg_catalog.pg_namespace WHERE nspname = c.table_schema)) where table_catalog = 'goapi_db' AND table_schema = CURRENT_SCHEMA() AND table_name = 'users'

2022/05/20 16:23:26 [32mC:/Users/amaraa.b/go/pkg/mod/gorm.io/driver/postgres@v1.3.4/migrator.go:461
[0m[33m[0.534ms] [34;1m[rows:-][0m SELECT * FROM "users" LIMIT 1

2022/05/20 16:23:26 [32mC:/Users/amaraa.b/go/pkg/mod/gorm.io/driver/postgres@v1.3.4/migrator.go:400
[0m[33m[9.065ms] [34;1m[rows:-][0m SELECT c.column_name, constraint_type FROM information_schema.table_constraints tc JOIN information_schema.constraint_column_usage AS ccu USING (constraint_schema, constraint_name) JOIN information_schema.columns AS c ON c.table_schema = tc.constraint_schema AND tc.table_name = c.table_name AND ccu.column_name = c.column_name WHERE constraint_type IN ('PRIMARY KEY', 'UNIQUE') AND c.table_catalog = 'goapi_db' AND c.table_schema = CURRENT_SCHEMA() AND c.table_name = 'users'

2022/05/20 16:23:26 [32mC:/Users/amaraa.b/go/pkg/mod/gorm.io/driver/postgres@v1.3.4/migrator.go:430
[0m[33m[0.535ms] [34;1m[rows:-][0m SELECT a.attname as column_name, format_type(a.atttypid, a.atttypmod) AS data_type
		FROM pg_attribute a JOIN pg_class b ON a.attrelid = b.relfilenode AND relnamespace = (SELECT oid FROM pg_catalog.pg_namespace WHERE nspname = CURRENT_SCHEMA())
		WHERE a.attnum > 0 -- hide internal columns
		AND NOT a.attisdropped -- hide deleted columns
		AND b.relname = 'users'

2022/05/20 16:23:26 [32mC:/Users/amaraa.b/go/pkg/mod/gorm.io/driver/postgres@v1.3.4/migrator.go:218
[0m[33m[2.688ms] [34;1m[rows:0][0m SELECT description FROM pg_catalog.pg_description WHERE objsubid = (SELECT ordinal_position FROM information_schema.columns WHERE table_schema = CURRENT_SCHEMA() AND table_name = 'users' AND column_name = 'id') AND objoid = (SELECT oid FROM pg_catalog.pg_class WHERE relname = 'users' AND relnamespace = (SELECT oid FROM pg_catalog.pg_namespace WHERE nspname = CURRENT_SCHEMA()))

2022/05/20 16:23:26 [32mC:/Users/amaraa.b/go/pkg/mod/gorm.io/driver/postgres@v1.3.4/migrator.go:218
[0m[33m[1.559ms] [34;1m[rows:0][0m SELECT description FROM pg_catalog.pg_description WHERE objsubid = (SELECT ordinal_position FROM information_schema.columns WHERE table_schema = CURRENT_SCHEMA() AND table_name = 'users' AND column_name = 'first_name') AND objoid = (SELECT oid FROM pg_catalog.pg_class WHERE relname = 'users' AND relnamespace = (SELECT oid FROM pg_catalog.pg_namespace WHERE nspname = CURRENT_SCHEMA()))

2022/05/20 16:23:26 [32mC:/Users/amaraa.b/go/pkg/mod/gorm.io/driver/postgres@v1.3.4/migrator.go:218
[0m[33m[2.036ms] [34;1m[rows:0][0m SELECT description FROM pg_catalog.pg_description WHERE objsubid = (SELECT ordinal_position FROM information_schema.columns WHERE table_schema = CURRENT_SCHEMA() AND table_name = 'users' AND column_name = 'last_name') AND objoid = (SELECT oid FROM pg_catalog.pg_class WHERE relname = 'users' AND relnamespace = (SELECT oid FROM pg_catalog.pg_namespace WHERE nspname = CURRENT_SCHEMA()))

2022/05/20 16:23:26 [32mC:/Users/amaraa.b/go/pkg/mod/gorm.io/driver/postgres@v1.3.4/migrator.go:218
[0m[33m[1.643ms] [34;1m[rows:0][0m SELECT description FROM pg_catalog.pg_description WHERE objsubid = (SELECT ordinal_position FROM information_schema.columns WHERE table_schema = CURRENT_SCHEMA() AND table_name = 'users' AND column_name = 'email') AND objoid = (SELECT oid FROM pg_catalog.pg_class WHERE relname = 'users' AND relnamespace = (SELECT oid FROM pg_catalog.pg_namespace WHERE nspname = CURRENT_SCHEMA()))

2022/05/20 16:23:26 [32mC:/Users/amaraa.b/go/pkg/mod/gorm.io/driver/postgres@v1.3.4/migrator.go:218
[0m[33m[2.876ms] [34;1m[rows:0][0m SELECT description FROM pg_catalog.pg_description WHERE objsubid = (SELECT ordinal_position FROM information_schema.columns WHERE table_schema = CURRENT_SCHEMA() AND table_name = 'users' AND column_name = 'password') AND objoid = (SELECT oid FROM pg_catalog.pg_class WHERE relname = 'users' AND relnamespace = (SELECT oid FROM pg_catalog.pg_namespace WHERE nspname = CURRENT_SCHEMA()))

2022/05/20 16:23:26 [32mC:/Users/amaraa.b/go/pkg/mod/gorm.io/driver/postgres@v1.3.4/migrator.go:145
[0m[33m[0.077ms] [34;1m[rows:1][0m SELECT count(*) FROM information_schema.tables WHERE table_schema = CURRENT_SCHEMA() AND table_name = 'categories' AND table_type = 'BASE TABLE'

2022/05/20 16:23:26 [32mC:/Users/amaraa.b/go/pkg/mod/gorm.io/driver/postgres@v1.3.4/migrator.go:20
[0m[33m[0.544ms] [34;1m[rows:1][0m SELECT CURRENT_DATABASE()

2022/05/20 16:23:26 [32mC:/Users/amaraa.b/go/pkg/mod/gorm.io/driver/postgres@v1.3.4/migrator.go:330
[0m[33m[4.136ms] [34;1m[rows:-][0m SELECT c.column_name, c.is_nullable = 'YES', c.udt_name, c.character_maximum_length, c.numeric_precision, c.numeric_precision_radix, c.numeric_scale, c.datetime_precision, 8 * typlen, c.column_default, pd.description FROM information_schema.columns AS c JOIN pg_type AS pgt ON c.udt_name = pgt.typname LEFT JOIN pg_catalog.pg_description as pd ON pd.objsubid = c.ordinal_position AND pd.objoid = (SELECT oid FROM pg_catalog.pg_class WHERE relname = c.table_name AND relnamespace = (SELECT oid FROM pg_catalog.pg_namespace WHERE nspname = c.table_schema)) where table_catalog = 'goapi_db' AND table_schema = CURRENT_SCHEMA() AND table_name = 'categories'

2022/05/20 16:23:26 [32mC:/Users/amaraa.b/go/pkg/mod/gorm.io/driver/postgres@v1.3.4/migrator.go:461
[0m[33m[0.590ms] [34;1m[rows:-][0m SELECT * FROM "categories" LIMIT 1

2022/05/20 16:23:26 [32mC:/Users/amaraa.b/go/pkg/mod/gorm.io/driver/postgres@v1.3.4/migrator.go:400
[0m[33m[6.490ms] [34;1m[rows:-][0m SELECT c.column_name, constraint_type FROM information_schema.table_constraints tc JOIN information_schema.constraint_column_usage AS ccu USING (constraint_schema, constraint_name) JOIN information_schema.columns AS c ON c.table_schema = tc.constraint_schema AND tc.table_name = c.table_name AND ccu.column_name = c.column_name WHERE constraint_type IN ('PRIMARY KEY', 'UNIQUE') AND c.table_catalog = 'goapi_db' AND c.table_schema = CURRENT_SCHEMA() AND c.table_name = 'categories'

2022/05/20 16:23:26 [32mC:/Users/amaraa.b/go/pkg/mod/gorm.io/driver/postgres@v1.3.4/migrator.go:430
[0m[33m[0.000ms] [34;1m[rows:-][0m SELECT a.attname as column_name, format_type(a.atttypid, a.atttypmod) AS data_type
		FROM pg_attribute a JOIN pg_class b ON a.attrelid = b.relfilenode AND relnamespace = (SELECT oid FROM pg_catalog.pg_namespace WHERE nspname = CURRENT_SCHEMA())
		WHERE a.attnum > 0 -- hide internal columns
		AND NOT a.attisdropped -- hide deleted columns
		AND b.relname = 'categories'

2022/05/20 16:23:26 [32mC:/Users/amaraa.b/go/pkg/mod/gorm.io/driver/postgres@v1.3.4/migrator.go:218
[0m[33m[1.570ms] [34;1m[rows:0][0m SELECT description FROM pg_catalog.pg_description WHERE objsubid = (SELECT ordinal_position FROM information_schema.columns WHERE table_schema = CURRENT_SCHEMA() AND table_name = 'categories' AND column_name = 'id') AND objoid = (SELECT oid FROM pg_catalog.pg_class WHERE relname = 'categories' AND relnamespace = (SELECT oid FROM pg_catalog.pg_namespace WHERE nspname = CURRENT_SCHEMA()))

2022/05/20 16:23:26 [32mC:/Users/amaraa.b/go/pkg/mod/gorm.io/driver/postgres@v1.3.4/migrator.go:218
[0m[33m[0.000ms] [34;1m[rows:0][0m SELECT description FROM pg_catalog.pg_description WHERE objsubid = (SELECT ordinal_position FROM information_schema.columns WHERE table_schema = CURRENT_SCHEMA() AND table_name = 'categories' AND column_name = 'name') AND objoid = (SELECT oid FROM pg_catalog.pg_class WHERE relname = 'categories' AND relnamespace = (SELECT oid FROM pg_catalog.pg_namespace WHERE nspname = CURRENT_SCHEMA()))

2022/05/20 16:23:26 [32mC:/Users/amaraa.b/go/pkg/mod/gorm.io/driver/postgres@v1.3.4/migrator.go:145
[0m[33m[0.504ms] [34;1m[rows:1][0m SELECT count(*) FROM information_schema.tables WHERE table_schema = CURRENT_SCHEMA() AND table_name = 'products' AND table_type = 'BASE TABLE'

2022/05/20 16:23:26 [32mC:/Users/amaraa.b/go/pkg/mod/gorm.io/driver/postgres@v1.3.4/migrator.go:20
[0m[33m[0.000ms] [34;1m[rows:1][0m SELECT CURRENT_DATABASE()

2022/05/20 16:23:26 [32mC:/Users/amaraa.b/go/pkg/mod/gorm.io/driver/postgres@v1.3.4/migrator.go:330
[0m[33m[4.558ms] [34;1m[rows:-][0m SELECT c.column_name, c.is_nullable = 'YES', c.udt_name, c.character_maximum_length, c.numeric_precision, c.numeric_precision_radix, c.numeric_scale, c.datetime_precision, 8 * typlen, c.column_default, pd.description FROM information_schema.columns AS c JOIN pg_type AS pgt ON c.udt_name = pgt.typname LEFT JOIN pg_catalog.pg_description as pd ON pd.objsubid = c.ordinal_position AND pd.objoid = (SELECT oid FROM pg_catalog.pg_class WHERE relname = c.table_name AND relnamespace = (SELECT oid FROM pg_catalog.pg_namespace WHERE nspname = c.table_schema)) where table_catalog = 'goapi_db' AND table_schema = CURRENT_SCHEMA() AND table_name = 'products'

2022/05/20 16:23:26 [32mC:/Users/amaraa.b/go/pkg/mod/gorm.io/driver/postgres@v1.3.4/migrator.go:461
[0m[33m[0.270ms] [34;1m[rows:-][0m SELECT * FROM "products" LIMIT 1

2022/05/20 16:23:26 [32mC:/Users/amaraa.b/go/pkg/mod/gorm.io/driver/postgres@v1.3.4/migrator.go:400
[0m[33m[6.509ms] [34;1m[rows:-][0m SELECT c.column_name, constraint_type FROM information_schema.table_constraints tc JOIN information_schema.constraint_column_usage AS ccu USING (constraint_schema, constraint_name) JOIN information_schema.columns AS c ON c.table_schema = tc.constraint_schema AND tc.table_name = c.table_name AND ccu.column_name = c.column_name WHERE constraint_type IN ('PRIMARY KEY', 'UNIQUE') AND c.table_catalog = 'goapi_db' AND c.table_schema = CURRENT_SCHEMA() AND c.table_name = 'products'

2022/05/20 16:23:26 [32mC:/Users/amaraa.b/go/pkg/mod/gorm.io/driver/postgres@v1.3.4/migrator.go:430
[0m[33m[0.788ms] [34;1m[rows:-][0m SELECT a.attname as column_name, format_type(a.atttypid, a.atttypmod) AS data_type
		FROM pg_attribute a JOIN pg_class b ON a.attrelid = b.relfilenode AND relnamespace = (SELECT oid FROM pg_catalog.pg_namespace WHERE nspname = CURRENT_SCHEMA())
		WHERE a.attnum > 0 -- hide internal columns
		AND NOT a.attisdropped -- hide deleted columns
		AND b.relname = 'products'

2022/05/20 16:23:26 [32mC:/Users/amaraa.b/go/pkg/mod/gorm.io/driver/postgres@v1.3.4/migrator.go:218
[0m[33m[0.521ms] [34;1m[rows:0][0m SELECT description FROM pg_catalog.pg_description WHERE objsubid = (SELECT ordinal_position FROM information_schema.columns WHERE table_schema = CURRENT_SCHEMA() AND table_name = 'products' AND column_name = 'id') AND objoid = (SELECT oid FROM pg_catalog.pg_class WHERE relname = 'products' AND relnamespace = (SELECT oid FROM pg_catalog.pg_namespace WHERE nspname = CURRENT_SCHEMA()))

2022/05/20 16:23:26 [32mC:/Users/amaraa.b/go/pkg/mod/gorm.io/driver/postgres@v1.3.4/migrator.go:218
[0m[33m[0.000ms] [34;1m[rows:0][0m SELECT description FROM pg_catalog.pg_description WHERE objsubid = (SELECT ordinal_position FROM information_schema.columns WHERE table_schema = CURRENT_SCHEMA() AND table_name = 'products' AND column_name = 'name') AND objoid = (SELECT oid FROM pg_catalog.pg_class WHERE relname = 'products' AND relnamespace = (SELECT oid FROM pg_catalog.pg_namespace WHERE nspname = CURRENT_SCHEMA()))

2022/05/20 16:23:26 [32mC:/Users/amaraa.b/go/pkg/mod/gorm.io/driver/postgres@v1.3.4/migrator.go:218
[0m[33m[0.000ms] [34;1m[rows:0][0m SELECT description FROM pg_catalog.pg_description WHERE objsubid = (SELECT ordinal_position FROM information_schema.columns WHERE table_schema = CURRENT_SCHEMA() AND table_name = 'products' AND column_name = 'category_id') AND objoid = (SELECT oid FROM pg_catalog.pg_class WHERE relname = 'products' AND relnamespace = (SELECT oid FROM pg_catalog.pg_namespace WHERE nspname = CURRENT_SCHEMA()))

2022/05/20 16:23:26 [32mC:/Users/amaraa.b/go/pkg/mod/gorm.io/driver/postgres@v1.3.4/migrator.go:316
[0m[33m[0.503ms] [34;1m[rows:1][0m SELECT count(*) FROM INFORMATION_SCHEMA.table_constraints WHERE table_schema = CURRENT_SCHEMA() AND table_name = 'products' AND constraint_name = 'fk_products_category'

2022/05/20 16:23:28 [32mC:/projects/golang/goapi/service/category.go:54
[0m[33m[3.521ms] [34;1m[rows:0][0m SELECT * FROM "categories" WHERE name like '%1%'
